[debug] [2025-09-24T15:16:21.410Z] ----------------------------------------------------------------------
[debug] [2025-09-24T15:16:21.417Z] Command:       /opt/homebrew/Cellar/node/24.8.0/bin/node /opt/homebrew/bin/firebase init
[debug] [2025-09-24T15:16:21.417Z] CLI Version:   14.17.0
[debug] [2025-09-24T15:16:21.417Z] Platform:      darwin
[debug] [2025-09-24T15:16:21.417Z] Node Version:  v24.8.0
[debug] [2025-09-24T15:16:21.417Z] Time:          Wed Sep 24 2025 17:16:21 GMT+0200 (Central European Summer Time)
[debug] [2025-09-24T15:16:21.417Z] ----------------------------------------------------------------------
[debug] 
[debug] [2025-09-24T15:16:21.419Z] > command requires scopes: ["email","openid","https://www.googleapis.com/auth/cloudplatformprojects.readonly","https://www.googleapis.com/auth/firebase","https://www.googleapis.com/auth/cloud-platform"]
[debug] [2025-09-24T15:16:21.419Z] > authorizing via signed-in user (luca.favaretto2007@gmail.com)
[info] 
     ######## #### ########  ######## ########     ###     ######  ########
     ##        ##  ##     ## ##       ##     ##  ##   ##  ##       ##
     ######    ##  ########  ######   ########  #########  ######  ######
     ##        ##  ##    ##  ##       ##     ## ##     ##       ## ##
     ##       #### ##     ## ######## ########  ##     ##  ######  ########

You're about to initialize a Firebase project in this directory:

  /Users/lucafavaretto/Desktop/NoteBridge/HTML

[info] 
=== Project Setup
[info] 
[info] First, let's associate this project directory with a Firebase project.
[info] You can create multiple project aliases by running firebase use --add, 
[info] but for now we'll just set up a default project.
[info] 
[debug] [2025-09-24T15:17:49.915Z] Checked if tokens are valid: true, expires at: 1758730527647
[debug] [2025-09-24T15:17:49.916Z] Checked if tokens are valid: true, expires at: 1758730527647
[debug] [2025-09-24T15:17:49.919Z] >>> [apiv2][query] GET https://firebase.googleapis.com/v1beta1/projects pageSize=100
[debug] [2025-09-24T15:17:50.438Z] <<< [apiv2][status] GET https://firebase.googleapis.com/v1beta1/projects 200
[debug] [2025-09-24T15:17:50.438Z] <<< [apiv2][body] GET https://firebase.googleapis.com/v1beta1/projects [omitted]
[info] i  Using project note-bridge-2b99e (Note Bridge) 
[info] 
=== Hosting Setup
[debug] [2025-09-24T15:17:58.593Z] Checked if tokens are valid: true, expires at: 1758730527647
[debug] [2025-09-24T15:17:58.593Z] Checked if tokens are valid: true, expires at: 1758730527647
[debug] [2025-09-24T15:17:58.593Z] >>> [apiv2][query] GET https://firebase.googleapis.com/v1beta1/projects/note-bridge-2b99e [none]
[debug] [2025-09-24T15:17:59.106Z] <<< [apiv2][status] GET https://firebase.googleapis.com/v1beta1/projects/note-bridge-2b99e 200
[debug] [2025-09-24T15:17:59.107Z] <<< [apiv2][body] GET https://firebase.googleapis.com/v1beta1/projects/note-bridge-2b99e {"projectId":"note-bridge-2b99e","projectNumber":"847555230913","displayName":"Note Bridge","name":"projects/note-bridge-2b99e","resources":{"hostingSite":"note-bridge-2b99e"},"state":"ACTIVE","etag":"1_c1ecd335-1991-4f3b-89d8-993a169479ce"}
[info] 
[info] Your public directory is the folder (relative to your project directory) that
[info] will contain Hosting assets to be uploaded with firebase deploy. If you
[info] have a build process for your assets, use your build's output directory.
[info] 
[info] ✔  Wrote ./404.html 
[debug] [2025-09-24T15:28:09.952Z] >>> [apiv2][query] GET https://www.gstatic.com/firebasejs/releases.json [none]
[debug] [2025-09-24T15:28:10.092Z] <<< [apiv2][status] GET https://www.gstatic.com/firebasejs/releases.json 200
[debug] [2025-09-24T15:28:10.092Z] <<< [apiv2][body] GET https://www.gstatic.com/firebasejs/releases.json {"current":{"version":"12.3.0","browserURL":"https://www.gstatic.com/firebasejs/12.3.0/firebase.js","packageURL":"https://www.gstatic.com/firebasejs/12.3.0/firebase.tgz"},"live":{"version":"12.3","browserURL":"https://www.gstatic.com/firebasejs/live/12.3/firebase.js","packageURL":"https://www.gstatic.com/firebasejs/live/12.3/firebase.tgz"},"components":{"ai":"https://www.gstatic.com/firebasejs/12.3.0/firebase-ai.js","analytics":"https://www.gstatic.com/firebasejs/12.3.0/firebase-analytics.js","app":"https://www.gstatic.com/firebasejs/12.3.0/firebase-app.js","app-check":"https://www.gstatic.com/firebasejs/12.3.0/firebase-app-check.js","auth":"https://www.gstatic.com/firebasejs/12.3.0/firebase-auth.js","auth/cordova":"https://www.gstatic.com/firebasejs/12.3.0/firebase-auth/cordova.js","auth/web-extension":"https://www.gstatic.com/firebasejs/12.3.0/firebase-auth/web-extension.js","functions":"https://www.gstatic.com/firebasejs/12.3.0/firebase-functions.js","firestore":"https://www.gstatic.com/firebasejs/12.3.0/firebase-firestore.js","firestore/lite":"https://www.gstatic.com/firebasejs/12.3.0/firebase-firestore/lite.js","installations":"https://www.gstatic.com/firebasejs/12.3.0/firebase-installations.js","storage":"https://www.gstatic.com/firebasejs/12.3.0/firebase-storage.js","performance":"https://www.gstatic.com/firebasejs/12.3.0/firebase-performance.js","remote-config":"https://www.gstatic.com/firebasejs/12.3.0/firebase-remote-config.js","messaging":"https://www.gstatic.com/firebasejs/12.3.0/firebase-messaging.js","messaging/sw":"https://www.gstatic.com/firebasejs/12.3.0/firebase-messaging/sw.js","database":"https://www.gstatic.com/firebasejs/12.3.0/firebase-database.js","data-connect":"https://www.gstatic.com/firebasejs/12.3.0/firebase-data-connect.js","firestore.memory":"https://www.gstatic.com/firebasejs/12.3.0/firebase-firestore.memory.js"}}
[info] i  Skipping write of ./index.html 
[info] 
[info] i  Didn't detect a .git folder. Assuming /Users/lucafavaretto/Desktop/NoteBridge/HTML is the project root. 
[info] i  Authorizing with GitHub to upload your service account to a GitHub repository's secrets store. 
[info] 
[info] Visit this URL on this device to log in:
[info] https://github.com/login/oauth/authorize?client_id=89cf50f02ac6aaed3484&state=771244329&redirect_uri=http%3A%2F%2Flocalhost%3A9005&scope=read%3Auser%20repo%20public_repo
[info] 
[info] Waiting for authentication...
[debug] [2025-09-24T15:29:01.305Z] >>> [apiv2][query] POST https://github.com/login/oauth/access_token [none]
[debug] [2025-09-24T15:29:01.309Z] >>> [apiv2][body] POST https://github.com/login/oauth/access_token [stream]
[debug] [2025-09-24T15:29:01.738Z] <<< [apiv2][status] POST https://github.com/login/oauth/access_token 200
[debug] [2025-09-24T15:29:01.739Z] <<< [apiv2][body] POST https://github.com/login/oauth/access_token {"access_token":"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","token_type":"bearer","scope":"read:user,repo"}
[debug] [2025-09-24T15:29:01.763Z] >>> [apiv2][query] GET https://api.github.com/user [none]
[debug] [2025-09-24T15:29:02.040Z] <<< [apiv2][status] GET https://api.github.com/user 200
[debug] [2025-09-24T15:29:02.040Z] <<< [apiv2][body] GET https://api.github.com/user {"login":"Luca1114","id":80548631,"node_id":"MDQ6VXNlcjgwNTQ4NjMx","avatar_url":"https://avatars.githubusercontent.com/u/80548631?v=4","gravatar_id":"","url":"https://api.github.com/users/Luca1114","html_url":"https://github.com/Luca1114","followers_url":"https://api.github.com/users/Luca1114/followers","following_url":"https://api.github.com/users/Luca1114/following{/other_user}","gists_url":"https://api.github.com/users/Luca1114/gists{/gist_id}","starred_url":"https://api.github.com/users/Luca1114/starred{/owner}{/repo}","subscriptions_url":"https://api.github.com/users/Luca1114/subscriptions","organizations_url":"https://api.github.com/users/Luca1114/orgs","repos_url":"https://api.github.com/users/Luca1114/repos","events_url":"https://api.github.com/users/Luca1114/events{/privacy}","received_events_url":"https://api.github.com/users/Luca1114/received_events","type":"User","user_view_type":"private","site_admin":false,"name":"Luca Favaretto","company":null,"blog":"","location":null,"email":null,"hireable":null,"bio":null,"twitter_username":null,"notification_email":null,"public_repos":0,"public_gists":0,"followers":0,"following":0,"created_at":"2021-03-12T20:55:34Z","updated_at":"2025-09-24T15:27:40Z","private_gists":0,"total_private_repos":0,"owned_private_repos":0,"disk_usage":0,"collaborators":0,"two_factor_authentication":false,"plan":{"name":"free","space":976562499,"collaborators":0,"private_repos":10000}}
[info] 
[info] ✔  Success! Logged into GitHub as Luca1114 
[info] 
